1611314111.990928 client started (27576): version 3.0a, socket /tmp/tmux-1000/default, protocol 8
1611314111.990943 on Linux 5.4.72-microsoft-standard-WSL2 #1 SMP Wed Oct 28 23:40:43 UTC 2020; libevent 2.1.11-stable (poll)
1611314111.990951 socket is /tmp/tmux-1000/default
1611314111.990956 trying connect
1611314111.991001 add peer 0x5649a106a470: 7 ((nil))
1611314111.991036 sending message 100 to peer 0x5649a106a470 (4 bytes)
1611314111.991041 sending message 101 to peer 0x5649a106a470 (16 bytes)
1611314111.991043 sending message 102 to peer 0x5649a106a470 (11 bytes)
1611314111.991045 sending message 108 to peer 0x5649a106a470 (23 bytes)
1611314111.991047 sending message 104 to peer 0x5649a106a470 (0 bytes)
1611314111.991049 sending message 107 to peer 0x5649a106a470 (4 bytes)
1611314111.991051 sending message 105 to peer 0x5649a106a470 (18 bytes)
1611314111.991053 sending message 105 to peer 0x5649a106a470 (16 bytes)
1611314111.991055 sending message 105 to peer 0x5649a106a470 (13 bytes)
1611314111.991057 sending message 105 to peer 0x5649a106a470 (34 bytes)
1611314111.991059 sending message 105 to peer 0x5649a106a470 (32 bytes)
1611314111.991061 sending message 105 to peer 0x5649a106a470 (15 bytes)
1611314111.991063 sending message 105 to peer 0x5649a106a470 (1506 bytes)
1611314111.991070 sending message 105 to peer 0x5649a106a470 (13 bytes)
1611314111.991072 sending message 105 to peer 0x5649a106a470 (52 bytes)
1611314111.991074 sending message 105 to peer 0x5649a106a470 (16 bytes)
1611314111.991076 sending message 105 to peer 0x5649a106a470 (26 bytes)
1611314111.991078 sending message 105 to peer 0x5649a106a470 (61 bytes)
1611314111.991080 sending message 105 to peer 0x5649a106a470 (1761 bytes)
1611314111.991083 sending message 105 to peer 0x5649a106a470 (27 bytes)
1611314111.991085 sending message 105 to peer 0x5649a106a470 (19 bytes)
1611314111.991087 sending message 105 to peer 0x5649a106a470 (8 bytes)
1611314111.991089 sending message 105 to peer 0x5649a106a470 (21 bytes)
1611314111.991091 sending message 105 to peer 0x5649a106a470 (36 bytes)
1611314111.991093 sending message 105 to peer 0x5649a106a470 (13 bytes)
1611314111.991095 sending message 105 to peer 0x5649a106a470 (12 bytes)
1611314111.991096 sending message 105 to peer 0x5649a106a470 (33 bytes)
1611314111.991098 sending message 105 to peer 0x5649a106a470 (23 bytes)
1611314111.991100 sending message 105 to peer 0x5649a106a470 (35 bytes)
1611314111.991102 sending message 105 to peer 0x5649a106a470 (53 bytes)
1611314111.991104 sending message 105 to peer 0x5649a106a470 (48 bytes)
1611314111.991106 sending message 105 to peer 0x5649a106a470 (65 bytes)
1611314111.991108 sending message 105 to peer 0x5649a106a470 (16 bytes)
1611314111.991110 sending message 105 to peer 0x5649a106a470 (32 bytes)
1611314111.991111 sending message 105 to peer 0x5649a106a470 (24 bytes)
1611314111.991113 sending message 105 to peer 0x5649a106a470 (22 bytes)
1611314111.991115 sending message 105 to peer 0x5649a106a470 (29 bytes)
1611314111.991117 sending message 105 to peer 0x5649a106a470 (20 bytes)
1611314111.991119 sending message 105 to peer 0x5649a106a470 (19 bytes)
1611314111.991121 sending message 105 to peer 0x5649a106a470 (38 bytes)
1611314111.991123 sending message 105 to peer 0x5649a106a470 (11 bytes)
1611314111.991125 sending message 105 to peer 0x5649a106a470 (8 bytes)
1611314111.991127 sending message 105 to peer 0x5649a106a470 (32 bytes)
1611314111.991129 sending message 105 to peer 0x5649a106a470 (30 bytes)
1611314111.991131 sending message 105 to peer 0x5649a106a470 (40 bytes)
1611314111.991133 sending message 105 to peer 0x5649a106a470 (105 bytes)
1611314111.991134 sending message 105 to peer 0x5649a106a470 (19 bytes)
1611314111.991136 sending message 105 to peer 0x5649a106a470 (66 bytes)
1611314111.991138 sending message 105 to peer 0x5649a106a470 (20 bytes)
1611314111.991140 sending message 105 to peer 0x5649a106a470 (14 bytes)
1611314111.991142 sending message 105 to peer 0x5649a106a470 (15 bytes)
1611314111.991144 sending message 105 to peer 0x5649a106a470 (27 bytes)
1611314111.991150 sending message 105 to peer 0x5649a106a470 (18 bytes)
1611314111.991152 sending message 105 to peer 0x5649a106a470 (14 bytes)
1611314111.991154 sending message 105 to peer 0x5649a106a470 (18 bytes)
1611314111.991155 sending message 105 to peer 0x5649a106a470 (20 bytes)
1611314111.991157 sending message 105 to peer 0x5649a106a470 (23 bytes)
1611314111.991159 sending message 105 to peer 0x5649a106a470 (11 bytes)
1611314111.991161 sending message 105 to peer 0x5649a106a470 (16 bytes)
1611314111.991163 sending message 105 to peer 0x5649a106a470 (15 bytes)
1611314111.991165 sending message 105 to peer 0x5649a106a470 (15 bytes)
1611314111.991167 sending message 105 to peer 0x5649a106a470 (15 bytes)
1611314111.991169 sending message 105 to peer 0x5649a106a470 (23 bytes)
1611314111.991171 sending message 105 to peer 0x5649a106a470 (15 bytes)
1611314111.991172 sending message 105 to peer 0x5649a106a470 (17 bytes)
1611314111.991175 sending message 105 to peer 0x5649a106a470 (9 bytes)
1611314111.991177 sending message 105 to peer 0x5649a106a470 (17 bytes)
1611314111.991179 sending message 105 to peer 0x5649a106a470 (14 bytes)
1611314111.991180 sending message 105 to peer 0x5649a106a470 (10 bytes)
1611314111.991182 sending message 106 to peer 0x5649a106a470 (0 bytes)
1611314111.991184 sending message 200 to peer 0x5649a106a470 (4 bytes)
1611314111.991186 client loop enter
1611314111.991456 peer 0x5649a106a470 message 211
1611314111.991463 client_write: sessions should be nested with care, unset $TMUX to force\n
1611314111.991489 peer 0x5649a106a470 message 203
1611314111.991495 client loop exit
